\BOOKMARK [0][-]{section*.1}{SORA 2.0: Stratospheric Organism and Radiation Analyzer}{}% 1
\BOOKMARK [1][-]{section*.2}{Contents}{section*.1}% 2
\BOOKMARK [1][-]{section*.3}{Mission Statement and Objectives}{section*.1}% 3
\BOOKMARK [2][-]{section*.4}{Hypothesis and Objectives}{section*.3}% 4
\BOOKMARK [1][-]{section*.5}{Background}{section*.1}% 5
\BOOKMARK [2][-]{section*.6}{Astrobiology}{section*.5}% 6
\BOOKMARK [2][-]{section*.7}{Radiation}{section*.5}% 7
\BOOKMARK [1][-]{section*.8}{Payload Systems and Operation}{section*.1}% 8
\BOOKMARK [2][-]{section*.9}{RESU Design}{section*.8}% 9
\BOOKMARK [2][-]{section*.13}{Astrobiology System}{section*.8}% 10
\BOOKMARK [2][-]{section*.17}{Radiation Monitoring System}{section*.8}% 11
\BOOKMARK [1][-]{section*.22}{HASP Interface}{section*.1}% 12
\BOOKMARK [2][-]{section*.23}{Interfacing with HASP: Serial Uplink and Downlink}{section*.22}% 13
\BOOKMARK [2][-]{section*.24}{Interfacing with HASP: EDAC and DB9 Connections}{section*.22}% 14
\BOOKMARK [2][-]{section*.25}{Interfacing with HASP: Serial Downkink}{section*.22}% 15
\BOOKMARK [1][-]{section*.26}{Thermal Control Plan}{section*.1}% 16
\BOOKMARK [1][-]{section*.27}{Power and Weight Budget}{section*.1}% 17
\BOOKMARK [1][-]{section*.28}{Procedures}{section*.1}% 18
\BOOKMARK [2][-]{section*.29}{Decontamination}{section*.28}% 19
\BOOKMARK [2][-]{section*.33}{Testing}{section*.28}% 20
\BOOKMARK [2][-]{section*.35}{Integration Procedures}{section*.28}% 21
\BOOKMARK [2][-]{section*.39}{Flight Operations}{section*.28}% 22
\BOOKMARK [2][-]{section*.40}{Post-Flight Operations}{section*.28}% 23
\BOOKMARK [1][-]{section*.41}{In-Flight Failure Contingency Plan}{section*.1}% 24
\BOOKMARK [1][-]{section*.42}{Project Management}{section*.1}% 25
\BOOKMARK [2][-]{section*.43}{Team Structure}{section*.42}% 26
\BOOKMARK [2][-]{section*.44}{Roles and Responsibilities}{section*.42}% 27
\BOOKMARK [2][-]{section*.45}{Timeline}{section*.42}% 28
\BOOKMARK [2][-]{section*.46}{Funding}{section*.42}% 29
\BOOKMARK [1][-]{section*.47}{Appendix A}{section*.1}% 30
\BOOKMARK [1][-]{section*.48}{References}{section*.1}% 31
